<?xml version="1.0" encoding="UTF-8"?>
<testng-results skipped="0" failed="0" ignored="0" total="1" passed="1">
  <reporter-output>
  </reporter-output>
  <suite name="Default suite" duration-ms="16734" started-at="2018-10-23T06:54:14Z" finished-at="2018-10-23T06:54:31Z">
    <groups>
    </groups>
    <test name="Default test" duration-ms="16734" started-at="2018-10-23T06:54:14Z" finished-at="2018-10-23T06:54:31Z">
      <class name="selenium_test.Screens">
        <test-method status="PASS" signature="openbrowser()[pri:0, instance:selenium_test.Screens@77caeb3e]" name="openbrowser" duration-ms="16698" started-at="2018-10-23T06:54:14Z" finished-at="2018-10-23T06:54:31Z">
          <reporter-output>
          </reporter-output>
        </test-method> <!-- openbrowser -->
      </class> <!-- selenium_test.Screens -->
    </test> <!-- Default test -->
  </suite> <!-- Default suite -->
</testng-results>
